Log file open, 07/04/18 15:01:40
LogWindows: Failed to load 'aqProf.dll' (GetLastError=126)
LogWindows: File 'aqProf.dll' does not exist
LogWindows: Failed to load 'VtuneApi.dll' (GetLastError=126)
LogWindows: File 'VtuneApi.dll' does not exist
LogWindows: Failed to load 'VtuneApi32e.dll' (GetLastError=126)
LogWindows: File 'VtuneApi32e.dll' does not exist
LogInit: Display: Running engine for game: BackInTime
LogPlatformFile: Not using cached read wrapper
LogInit: Display: RandInit(2058863988) SRandInit(2058863988).
LogInit: Read version file with build ID '3944462'
LogInit: Overriding engine version to CL 4033788, compatible CL 3944462
LogInit: Registered custom module enumerator with build ID '3944462'
LogTaskGraph: Started task graph with 5 named threads and 23 total threads with 3 sets of task threads.
LogStats: Stats thread started at 0.294424
LogD3D11RHI: Aftermath initialized
LogICUInternationalization: Display: ICU TimeZone Detection - Raw Offset: -5:00, Platform Override: ''
LogModuleManager: Display: Found up-to-date module file ../../../Engine/Plugins/2D/Paper2D/Binaries/Win64/UE4Editor-Paper2D.dll (API version 3944462).
LogModuleManager: Display: Found up-to-date module file ../../../Engine/Plugins/2D/Paper2D/Binaries/Win64/UE4Editor-Paper2DEditor.dll (API version 3944462).
LogModuleManager: Display: Found up-to-date module file ../../../Engine/Plugins/2D/Paper2D/Binaries/Win64/UE4Editor-PaperSpriteSheetImporter.dll (API version 3944462).
LogModuleManager: Display: Found up-to-date module file ../../../Engine/Plugins/2D/Paper2D/Binaries/Win64/UE4Editor-PaperTiledImporter.dll (API version 3944462).
LogModuleManager: Display: Found up-to-date module file ../../../Engine/Plugins/2D/Paper2D/Binaries/Win64/UE4Editor-SmartSnapping.dll (API version 3944462).
LogModuleManager: Display: Found up-to-date module file ../../../Engine/Plugins/Blendables/LightPropagationVolume/Binaries/Win64/UE4Editor-LightPropagationVolumeRuntime.dll (API version 3944462).
LogModuleManager: Display: Found up-to-date module file ../../../Engine/Plugins/Blendables/LightPropagationVolume/Binaries/Win64/UE4Editor-LightPropagationVolumeEditor.dll (API version 3944462).
LogModuleManager: Display: Found up-to-date module file ../../../Engine/Plugins/Developer/CLionSourceCodeAccess/Binaries/Win64/UE4Editor-CLionSourceCodeAccess.dll (API version 3944462).
LogModuleManager: Display: Found up-to-date module file ../../../Engine/Plugins/Developer/GitSourceControl/Binaries/Win64/UE4Editor-GitSourceControl.dll (API version 3944462).
LogModuleManager: Display: Found up-to-date module file ../../../Engine/Plugins/Developer/PerforceSourceControl/Binaries/Win64/UE4Editor-PerforceSourceControl.dll (API version 3944462).
LogModuleManager: Display: Found up-to-date module file ../../../Engine/Plugins/Developer/SubversionSourceControl/Binaries/Win64/UE4Editor-SubversionSourceControl.dll (API version 3944462).
LogModuleManager: Display: Found up-to-date module file ../../../Engine/Plugins/Developer/UObjectPlugin/Binaries/Win64/UE4Editor-UObjectPlugin.dll (API version 3944462).
LogModuleManager: Display: Found up-to-date module file ../../../Engine/Plugins/Developer/VisualStudioCodeSourceCodeAccess/Binaries/Win64/UE4Editor-VisualStudioCodeSourceCodeAccess.dll (API version 3944462).
LogModuleManager: Display: Found up-to-date module file ../../../Engine/Plugins/Developer/VisualStudioSourceCodeAccess/Binaries/Win64/UE4Editor-VisualStudioSourceCodeAccess.dll (API version 3944462).
LogModuleManager: Display: Found up-to-date module file ../../../Engine/Plugins/Editor/AssetManagerEditor/Binaries/Win64/UE4Editor-AssetManagerEditor.dll (API version 3944462).
LogModuleManager: Display: Found up-to-date module file ../../../Engine/Plugins/Editor/CryptoKeys/Binaries/Win64/UE4Editor-CryptoKeys.dll (API version 3944462).
LogModuleManager: Display: Found up-to-date module file ../../../Engine/Plugins/Editor/CryptoKeys/Binaries/Win64/UE4Editor-CryptoKeysOpenSSL.dll (API version 3944462).
LogModuleManager: Display: Found up-to-date module file ../../../Engine/Plugins/Editor/DataValidation/Binaries/Win64/UE4Editor-DataValidation.dll (API version 3944462).
LogModuleManager: Display: Found up-to-date module file ../../../Engine/Plugins/Editor/FacialAnimation/Binaries/Win64/UE4Editor-FacialAnimation.dll (API version 3944462).
LogModuleManager: Display: Found up-to-date module file ../../../Engine/Plugins/Editor/FacialAnimation/Binaries/Win64/UE4Editor-FacialAnimationEditor.dll (API version 3944462).
LogModuleManager: Display: Found up-to-date module file ../../../Engine/Plugins/Editor/GameplayTagsEditor/Binaries/Win64/UE4Editor-GameplayTagsEditor.dll (API version 3944462).
LogModuleManager: Display: Found up-to-date module file ../../../Engine/Plugins/Editor/MobileLauncherProfileWizard/Binaries/Win64/UE4Editor-MobileLauncherProfileWizard.dll (API version 3944462).
LogModuleManager: Display: Found up-to-date module file ../../../Engine/Plugins/Editor/PluginBrowser/Binaries/Win64/UE4Editor-PluginBrowser.dll (API version 3944462).
LogModuleManager: Display: Found up-to-date module file ../../../Engine/Plugins/Editor/SpeedTreeImporter/Binaries/Win64/UE4Editor-SpeedTreeImporter.dll (API version 3944462).
LogModuleManager: Display: Found up-to-date module file ../../../Engine/Plugins/Enterprise/DatasmithContent/Binaries/Win64/UE4Editor-DatasmithContent.dll (API version 3944462).
LogModuleManager: Display: Found up-to-date module file ../../../Engine/Plugins/Experimental/AlembicImporter/Binaries/Win64/UE4Editor-AlembicImporter.dll (API version 3944462).
LogModuleManager: Display: Found up-to-date module file ../../../Engine/Plugins/Experimental/AlembicImporter/Binaries/Win64/UE4Editor-AlembicLibrary.dll (API version 3944462).
LogModuleManager: Display: Found up-to-date module file ../../../Engine/Plugins/Experimental/CharacterAI/Binaries/Win64/UE4Editor-CharacterAI.dll (API version 3944462).
LogModuleManager: Display: Found up-to-date module file ../../../Engine/Plugins/Experimental/HTML5Networking/Binaries/Win64/UE4Editor-HTML5Networking.dll (API version 3944462).
LogModuleManager: Display: Found up-to-date module file ../../../Engine/Plugins/Media/AndroidMedia/Binaries/Win64/UE4Editor-AndroidMediaEditor.dll (API version 3944462).
LogModuleManager: Display: Found up-to-date module file ../../../Engine/Plugins/Media/AndroidMedia/Binaries/Win64/UE4Editor-AndroidMediaFactory.dll (API version 3944462).
LogModuleManager: Display: Found up-to-date module file ../../../Engine/Plugins/Media/AvfMedia/Binaries/Win64/UE4Editor-AvfMediaEditor.dll (API version 3944462).
LogModuleManager: Display: Found up-to-date module file ../../../Engine/Plugins/Media/AvfMedia/Binaries/Win64/UE4Editor-AvfMediaFactory.dll (API version 3944462).
LogModuleManager: Display: Found up-to-date module file ../../../Engine/Plugins/Media/AvfMedia/Binaries/Win64/UE4Editor-AvfMediaFactory.dll (API version 3944462).
LogModuleManager: Display: Found up-to-date module file ../../../Engine/Plugins/Media/ImgMedia/Binaries/Win64/UE4Editor-ImgMedia.dll (API version 3944462).
LogModuleManager: Display: Found up-to-date module file ../../../Engine/Plugins/Media/ImgMedia/Binaries/Win64/UE4Editor-ImgMediaEditor.dll (API version 3944462).
LogModuleManager: Display: Found up-to-date module file ../../../Engine/Plugins/Media/ImgMedia/Binaries/Win64/UE4Editor-ImgMediaFactory.dll (API version 3944462).
LogModuleManager: Display: Found up-to-date module file ../../../Engine/Plugins/Media/ImgMedia/Binaries/Win64/UE4Editor-ImgMediaFactory.dll (API version 3944462).
LogModuleManager: Display: Found up-to-date module file ../../../Engine/Plugins/Media/ImgMedia/Binaries/Win64/UE4Editor-OpenExrWrapper.dll (API version 3944462).
LogModuleManager: Display: Found up-to-date module file ../../../Engine/Plugins/Media/LinearTimecode/Binaries/Win64/UE4Editor-LinearTimecode.dll (API version 3944462).
LogModuleManager: Display: Found up-to-date module file ../../../Engine/Plugins/Media/MediaCompositing/Binaries/Win64/UE4Editor-MediaCompositing.dll (API version 3944462).
LogModuleManager: Display: Found up-to-date module file ../../../Engine/Plugins/Media/MediaCompositing/Binaries/Win64/UE4Editor-MediaCompositingEditor.dll (API version 3944462).
LogModuleManager: Display: Found up-to-date module file ../../../Engine/Plugins/Media/MediaPlayerEditor/Binaries/Win64/UE4Editor-MediaPlayerEditor.dll (API version 3944462).
LogModuleManager: Display: Found up-to-date module file ../../../Engine/Plugins/Media/WmfMedia/Binaries/Win64/UE4Editor-WmfMedia.dll (API version 3944462).
LogModuleManager: Display: Found up-to-date module file ../../../Engine/Plugins/Media/WmfMedia/Binaries/Win64/UE4Editor-WmfMediaEditor.dll (API version 3944462).
LogModuleManager: Display: Found up-to-date module file ../../../Engine/Plugins/Media/WmfMedia/Binaries/Win64/UE4Editor-WmfMediaFactory.dll (API version 3944462).
LogModuleManager: Display: Found up-to-date module file ../../../Engine/Plugins/Media/WmfMedia/Binaries/Win64/UE4Editor-WmfMediaFactory.dll (API version 3944462).
LogModuleManager: Display: Found up-to-date module file ../../../Engine/Plugins/Messaging/TcpMessaging/Binaries/Win64/UE4Editor-TcpMessaging.dll (API version 3944462).
LogModuleManager: Display: Found up-to-date module file ../../../Engine/Plugins/Messaging/UdpMessaging/Binaries/Win64/UE4Editor-UdpMessaging.dll (API version 3944462).
LogModuleManager: Display: Found up-to-date module file ../../../Engine/Plugins/MovieScene/ActorSequence/Binaries/Win64/UE4Editor-ActorSequence.dll (API version 3944462).
LogModuleManager: Display: Found up-to-date module file ../../../Engine/Plugins/MovieScene/LevelSequenceEditor/Binaries/Win64/UE4Editor-LevelSequenceEditor.dll (API version 3944462).
LogModuleManager: Display: Found up-to-date module file ../../../Engine/Plugins/MovieScene/MatineeToLevelSequence/Binaries/Win64/UE4Editor-MatineeToLevelSequence.dll (API version 3944462).
LogModuleManager: Display: Found up-to-date module file ../../../Engine/Plugins/NetcodeUnitTest/NetcodeUnitTest/Binaries/Win64/UE4Editor-NetcodeUnitTest.dll (API version 3944462).
LogModuleManager: Display: Found up-to-date module file ../../../Engine/Plugins/NetcodeUnitTest/NUTUnrealEngine4/Binaries/Win64/UE4Editor-NUTUnrealEngine4.dll (API version 3944462).
LogModuleManager: Display: Found up-to-date module file ../../../Engine/Plugins/Online/OnlineSubsystem/Binaries/Win64/UE4Editor-OnlineSubsystem.dll (API version 3944462).
LogModuleManager: Display: Found up-to-date module file ../../../Engine/Plugins/Runtime/AndroidPermission/Binaries/Win64/UE4Editor-AndroidPermission.dll (API version 3944462).
LogModuleManager: Display: Found up-to-date module file ../../../Engine/Plugins/Online/OnlineSubsystemNull/Binaries/Win64/UE4Editor-OnlineSubsystemNull.dll (API version 3944462).
LogModuleManager: Display: Found up-to-date module file ../../../Engine/Plugins/Online/OnlineSubsystemUtils/Binaries/Win64/UE4Editor-OnlineSubsystemUtils.dll (API version 3944462).
LogModuleManager: Display: Found up-to-date module file ../../../Engine/Plugins/Online/OnlineSubsystemUtils/Binaries/Win64/UE4Editor-OnlineBlueprintSupport.dll (API version 3944462).
LogModuleManager: Display: Found up-to-date module file ../../../Engine/Plugins/Runtime/AndroidDeviceProfileSelector/Binaries/Win64/UE4Editor-AndroidDeviceProfileSelector.dll (API version 3944462).
LogModuleManager: Display: Found up-to-date module file ../../../Engine/Plugins/Runtime/AppleARKit/Binaries/Win64/UE4Editor-AppleARKit.dll (API version 3944462).
LogModuleManager: Display: Found up-to-date module file ../../../Engine/Plugins/Runtime/ProceduralMeshComponent/Binaries/Win64/UE4Editor-ProceduralMeshComponent.dll (API version 3944462).
LogModuleManager: Display: Found up-to-date module file ../../../Engine/Plugins/Runtime/ProceduralMeshComponent/Binaries/Win64/UE4Editor-ProceduralMeshComponentEditor.dll (API version 3944462).
LogModuleManager: Display: Found up-to-date module file ../../../Engine/Plugins/Animation/LiveLink/Binaries/Win64/UE4Editor-LiveLink.dll (API version 3944462).
LogModuleManager: Display: Found up-to-date module file ../../../Engine/Plugins/Animation/LiveLink/Binaries/Win64/UE4Editor-LiveLinkEditor.dll (API version 3944462).
LogModuleManager: Display: Found up-to-date module file ../../../Engine/Plugins/Runtime/ArchVisCharacter/Binaries/Win64/UE4Editor-ArchVisCharacter.dll (API version 3944462).
LogModuleManager: Display: Found up-to-date module file ../../../Engine/Plugins/Runtime/AudioCapture/Binaries/Win64/UE4Editor-AudioCapture.dll (API version 3944462).
LogModuleManager: Display: Found up-to-date module file ../../../Engine/Plugins/Runtime/AudioCapture/Binaries/Win64/UE4Editor-AudioCaptureEditor.dll (API version 3944462).
LogModuleManager: Display: Found up-to-date module file ../../../Engine/Plugins/Runtime/CableComponent/Binaries/Win64/UE4Editor-CableComponent.dll (API version 3944462).
LogModuleManager: Display: Found up-to-date module file ../../../Engine/Plugins/Runtime/CustomMeshComponent/Binaries/Win64/UE4Editor-CustomMeshComponent.dll (API version 3944462).
LogModuleManager: Display: Found up-to-date module file ../../../Engine/Plugins/Runtime/ExampleDeviceProfileSelector/Binaries/Win64/UE4Editor-ExampleDeviceProfileSelector.dll (API version 3944462).
LogModuleManager: Display: Found up-to-date module file ../../../Engine/Plugins/Runtime/ImmediatePhysics/Binaries/Win64/UE4Editor-ImmediatePhysics.dll (API version 3944462).
LogModuleManager: Display: Found up-to-date module file ../../../Engine/Plugins/Runtime/ImmediatePhysics/Binaries/Win64/UE4Editor-ImmediatePhysicsEditor.dll (API version 3944462).
LogModuleManager: Display: Found up-to-date module file ../../../Engine/Plugins/Runtime/LocationServicesBPLibrary/Binaries/Win64/UE4Editor-LocationServicesBPLibrary.dll (API version 3944462).
LogModuleManager: Display: Found up-to-date module file ../../../Engine/Plugins/Runtime/MobilePatchingUtils/Binaries/Win64/UE4Editor-MobilePatchingUtils.dll (API version 3944462).
LogModuleManager: Display: Found up-to-date module file ../../../Engine/Plugins/Runtime/Oculus/OculusVR/Binaries/Win64/UE4Editor-OculusHMD.dll (API version 3944462).
LogModuleManager: Display: Found up-to-date module file ../../../Engine/Plugins/Runtime/Oculus/OculusVR/Binaries/Win64/UE4Editor-OculusInput.dll (API version 3944462).
LogModuleManager: Display: Found up-to-date module file ../../../Engine/Plugins/Runtime/Oculus/OculusVR/Binaries/Win64/UE4Editor-OculusEditor.dll (API version 3944462).
LogModuleManager: Display: Found up-to-date module file ../../../Engine/Plugins/Runtime/PhysXVehicles/Binaries/Win64/UE4Editor-PhysXVehicles.dll (API version 3944462).
LogModuleManager: Display: Found up-to-date module file ../../../Engine/Plugins/Runtime/PhysXVehicles/Binaries/Win64/UE4Editor-PhysXVehiclesEditor.dll (API version 3944462).
LogModuleManager: Display: Found up-to-date module file ../../../Engine/Plugins/Runtime/RuntimePhysXCooking/Binaries/Win64/UE4Editor-RuntimePhysXCooking.dll (API version 3944462).
LogModuleManager: Display: Found up-to-date module file ../../../Engine/Plugins/Runtime/Steam/SteamVR/Binaries/Win64/UE4Editor-SteamVR.dll (API version 3944462).
LogModuleManager: Display: Found up-to-date module file ../../../Engine/Plugins/Runtime/Steam/SteamVR/Binaries/Win64/UE4Editor-SteamVRController.dll (API version 3944462).
LogModuleManager: Display: Found up-to-date module file ../../../Engine/Plugins/Runtime/WindowsMoviePlayer/Binaries/Win64/UE4Editor-WindowsMoviePlayer.dll (API version 3944462).
LogPluginManager: Mounting plugin Paper2D
LogPluginManager: Mounting plugin LiveLink
LogPluginManager: Mounting plugin LightPropagationVolume
LogPluginManager: Mounting plugin CLionSourceCodeAccess
LogPluginManager: Mounting plugin CodeLiteSourceCodeAccess
LogPluginManager: Mounting plugin GitSourceControl
LogPluginManager: Mounting plugin KDevelopSourceCodeAccess
LogPluginManager: Mounting plugin NullSourceCodeAccess
LogPluginManager: Mounting plugin PerforceSourceControl
LogPluginManager: Mounting plugin SubversionSourceControl
LogPluginManager: Mounting plugin UObjectPlugin
LogPluginManager: Mounting plugin VisualStudioCodeSourceCodeAccess
LogPluginManager: Mounting plugin VisualStudioSourceCodeAccess
LogPluginManager: Mounting plugin XCodeSourceCodeAccess
LogPluginManager: Mounting plugin AssetManagerEditor
LogPluginManager: Mounting plugin CryptoKeys
LogPluginManager: Mounting plugin DataValidation
LogPluginManager: Mounting plugin FacialAnimation
LogPluginManager: Mounting plugin GameplayTagsEditor
LogPluginManager: Mounting plugin MobileLauncherProfileWizard
LogPluginManager: Mounting plugin PluginBrowser
LogPluginManager: Mounting plugin SpeedTreeImporter
LogPluginManager: Mounting plugin DatasmithContent
LogPluginManager: Mounting plugin AlembicImporter
LogPluginManager: Mounting plugin CharacterAI
LogPluginManager: Mounting plugin HTML5Networking
LogPluginManager: Mounting plugin AndroidMedia
LogPluginManager: Mounting plugin AvfMedia
LogPluginManager: Mounting plugin ImgMedia
LogPluginManager: Mounting plugin LinearTimecode
LogPluginManager: Mounting plugin MediaCompositing
LogPluginManager: Mounting plugin MediaPlayerEditor
LogPluginManager: Mounting plugin WmfMedia
LogPluginManager: Mounting plugin TcpMessaging
LogPluginManager: Mounting plugin UdpMessaging
LogPluginManager: Mounting plugin ActorSequence
LogPluginManager: Mounting plugin LevelSequenceEditor
LogPluginManager: Mounting plugin MatineeToLevelSequence
LogPluginManager: Mounting plugin NetcodeUnitTest
LogPluginManager: Mounting plugin NUTUnrealEngine4
LogPluginManager: Mounting plugin OnlineSubsystemGooglePlay
LogPluginManager: Mounting plugin OnlineSubsystemIOS
LogPluginManager: Mounting plugin OnlineSubsystem
LogPluginManager: Mounting plugin OnlineSubsystemNull
LogPluginManager: Mounting plugin OnlineSubsystemUtils
LogPluginManager: Mounting plugin AndroidDeviceProfileSelector
LogPluginManager: Mounting plugin AndroidMoviePlayer
LogPluginManager: Mounting plugin AndroidPermission
LogPluginManager: Mounting plugin AppleARKit
LogPluginManager: Mounting plugin AppleMoviePlayer
LogPluginManager: Mounting plugin ArchVisCharacter
LogPluginManager: Mounting plugin AudioCapture
LogPluginManager: Mounting plugin CableComponent
LogPluginManager: Mounting plugin CustomMeshComponent
LogPluginManager: Mounting plugin ExampleDeviceProfileSelector
LogPluginManager: Mounting plugin GoogleCloudMessaging
LogPluginManager: Mounting plugin ImmediatePhysics
LogPluginManager: Mounting plugin IOSDeviceProfileSelector
LogPluginManager: Mounting plugin LinuxDeviceProfileSelector
LogPluginManager: Mounting plugin LocationServicesBPLibrary
LogPluginManager: Mounting plugin MobilePatchingUtils
LogPluginManager: Mounting plugin OculusVR
LogPluginManager: Plugin shader directory ../../../Engine/Plugins/Runtime/Oculus/OculusVR/Shaders found
LogPluginManager: Mapping shader source directory ../../../Engine/Plugins/Runtime/Oculus/OculusVR/Shaders to virtual directory /Plugin/OculusVR
LogPluginManager: Mounting plugin PhysXVehicles
LogPluginManager: Mounting plugin ProceduralMeshComponent
LogPluginManager: Mounting plugin RuntimePhysXCooking
LogPluginManager: Mounting plugin SteamVR
LogPluginManager: Mounting plugin WindowsMoviePlayer
LogStreaming: Display: Took  1.177s to configure plugins.
LogInit: Using libcurl 7.47.1
LogInit:  - built for x86_64-pc-win32
LogInit:  - supports SSL with OpenSSL/1.0.2g
LogInit:  - supports HTTP deflate (compression) using libz 1.2.8
LogInit:  - other features:
LogInit:      CURL_VERSION_SSL
LogInit:      CURL_VERSION_LIBZ
LogInit:      CURL_VERSION_IPV6
LogInit:      CURL_VERSION_ASYNCHDNS
LogInit:      CURL_VERSION_LARGEFILE
LogInit:      CURL_VERSION_IDN
LogInit:  CurlRequestOptions (configurable via config and command line):
LogInit:  - bVerifyPeer = false  - Libcurl will NOT verify peer certificate
LogInit:  - bUseHttpProxy = false  - Libcurl will NOT use HTTP proxy
LogInit:  - bDontReuseConnections = false  - Libcurl will reuse connections
LogInit:  - CertBundlePath = nullptr  - Libcurl will use whatever was configured at build time.
LogInit:  - MaxHostConnections = 16  - Libcurl will limit the number of connections to a host
LogInit:  - LocalHostAddr = Default
LogInit: WinSock: version 1.1 (2.2), MaxSocks=32767, MaxUdp=65467
LogInit: WinSock: I am Camp-JTJ2142 (152.2.35.151:0)
LogInit: Build: ++UE4+Release-4.19-CL-4033788
LogInit: Engine Version: 4.19.2-4033788+++UE4+Release-4.19
LogInit: Compatible Engine Version: 4.19.0-3944462+++UE4+Release-4.19
LogInit: Net CL: 3944462
LogDevObjectVersion: Number of dev versions registered: 18
LogDevObjectVersion:   Dev-Blueprints (B0D832E4-1F89-4F0D-ACCF-7EB736FD4AA2): 10
LogDevObjectVersion:   Dev-Build (E1C64328-A22C-4D53-A36C-8E866417BD8C): 0
LogDevObjectVersion:   Dev-Core (375EC13C-06E4-48FB-B500-84F0262A717E): 2
LogDevObjectVersion:   Dev-Editor (E4B068ED-F494-42E9-A231-DA0B2E46BB41): 23
LogDevObjectVersion:   Dev-Framework (CFFC743F-43B0-4480-9391-14DF171D2073): 33
LogDevObjectVersion:   Dev-Mobile (B02B49B5-BB20-44E9-A304-32B752E40360): 2
LogDevObjectVersion:   Dev-Networking (A4E4105C-59A1-49B5-A7C5-40C4547EDFEE): 0
LogDevObjectVersion:   Dev-Online (39C831C9-5AE6-47DC-9A44-9C173E1C8E7C): 0
LogDevObjectVersion:   Dev-Physics (78F01B33-EBEA-4F98-B9B4-84EACCB95AA2): 0
LogDevObjectVersion:   Dev-Platform (6631380F-2D4D-43E0-8009-CF276956A95A): 0
LogDevObjectVersion:   Dev-Rendering (12F88B9F-8875-4AFC-A67C-D90C383ABD29): 25
LogDevObjectVersion:   Dev-Sequencer (7B5AE74C-D270-4C10-A958-57980B212A5A): 6
LogDevObjectVersion:   Dev-VR (D7296918-1DD6-4BDD-9DE2-64A83CC13884): 1
LogDevObjectVersion:   Dev-LoadTimes (C2A15278-BFE7-4AFE-6C17-90FF531DF755): 1
LogDevObjectVersion:   Private-Geometry (6EACA3D4-40EC-4CC1-B786-8BED09428FC5): 2
LogDevObjectVersion:   Dev-AnimPhys (29E575DD-E0A3-4627-9D10-D276232CDCEA): 16
LogDevObjectVersion:   Dev-ReflectionCapture (6B266CEC-1EC7-4B8F-A30B-E4D90942FC07): 1
LogDevObjectVersion:   Dev-Automation (0DF73D61-A23F-47EA-B727-89E90C41499A): 1
LogInit: Compiled (64-bit): Apr 27 2018 02:06:57
LogInit: Compiled with Visual C++: 19.00.24215.01
LogInit: Build Configuration: Development
LogInit: Branch Name: ++UE4+Release-4.19
LogInit: Command Line: -EpicPortal 
LogInit: Base Directory: C:/Program Files/Epic Games/UE_4.19/Engine/Binaries/Win64/
LogInit: Installed Engine Build: 1
LogStreaming: Display: Took  0.002s to delete old logs.
LogInit: Presizing for max 8388607 objects, including 0 objects not considered by GC, pre-allocating 0 bytes for permanent pool.
LogInit: Object subsystem initialized
[2018.07.04-19.01.42:135][  0]LogInit: Selected Device Profile: [Windows]
[2018.07.04-19.01.42:135][  0]LogInit: Applying CVar settings loaded from the selected device profile: [Windows]
[2018.07.04-19.01.42:149][  0]LogInit: Computer: CAMP-JTJ2142
[2018.07.04-19.01.42:149][  0]LogInit: User: iDStudent
[2018.07.04-19.01.42:149][  0]LogInit: CPU Page size=4096, Cores=4
[2018.07.04-19.01.42:149][  0]LogInit: High frequency timer resolution =2.742183 MHz
[2018.07.04-19.01.42:150][  0]LogMemory: Memory total: Physical=15.9GB (16GB approx)
[2018.07.04-19.01.42:150][  0]LogMemory: Platform Memory Stats for Windows
[2018.07.04-19.01.42:150][  0]LogMemory: Process Physical Memory: 277.68 MB used, 277.68 MB peak
[2018.07.04-19.01.42:150][  0]LogMemory: Process Virtual Memory: 264.87 MB used, 264.87 MB peak
[2018.07.04-19.01.42:150][  0]LogMemory: Physical Memory: 5351.40 MB used,  10898.77 MB free, 16250.17 MB total
[2018.07.04-19.01.42:150][  0]LogMemory: Virtual Memory: 693.87 MB used,  10898.77 MB free, 134217728.00 MB total
[2018.07.04-19.01.42:173][  0]LogInit: Using OS detected language (en-US).
[2018.07.04-19.01.42:173][  0]LogInit: Using OS detected locale (en-US).
[2018.07.04-19.01.42:177][  0]LogTextLocalizationManager: No specific localization for 'en-US' exists, so the 'en' localization will be used.
[2018.07.04-19.01.42:729][  0]LogStreaming: Display: Took  0.557s to EndInitTextLocalization.
[2018.07.04-19.01.42:729][  0]LogInit: Setting process to per monitor DPI aware
[2018.07.04-19.01.42:777][  0]LogSlate: New Slate User Created.  User Index 0, Is Virtual User: 0
[2018.07.04-19.01.42:777][  0]LogSlate: Slate User Registered.  User Index 0, Is Virtual User: 0
[2018.07.04-19.01.43:003][  0]LogD3D11RHI: D3D11 adapters:
[2018.07.04-19.01.43:066][  0]LogD3D11RHI:    0. 'NVIDIA GeForce GTX 1050 Ti' (Feature Level 11_0)
[2018.07.04-19.01.43:066][  0]LogD3D11RHI:       4018/0/8125 MB DedicatedVideo/DedicatedSystem/SharedSystem, Outputs:1, VendorId:0x10de
[2018.07.04-19.01.43:076][  0]LogD3D11RHI:    1. 'Intel(R) HD Graphics 630' (Feature Level 11_0)
[2018.07.04-19.01.43:076][  0]LogD3D11RHI:       128/0/8125 MB DedicatedVideo/DedicatedSystem/SharedSystem, Outputs:0, VendorId:0x8086
[2018.07.04-19.01.43:078][  0]LogD3D11RHI:    2. 'Microsoft Basic Render Driver' (Feature Level 11_0)
[2018.07.04-19.01.43:078][  0]LogD3D11RHI:       0/0/8125 MB DedicatedVideo/DedicatedSystem/SharedSystem, Outputs:0, VendorId:0x1414
[2018.07.04-19.01.43:078][  0]LogD3D11RHI: Chosen D3D11 Adapter: 0
[2018.07.04-19.01.43:088][  0]LogD3D11RHI: Creating new Direct3DDevice
[2018.07.04-19.01.43:088][  0]LogD3D11RHI:     GPU DeviceId: 0x1c8c (for the marketing name, search the web for "GPU Device Id")
[2018.07.04-19.01.43:088][  0]LogWindows: EnumDisplayDevices:
[2018.07.04-19.01.43:089][  0]LogWindows:    0. 'Intel(R) HD Graphics 630' (P:1 D:1)
[2018.07.04-19.01.43:089][  0]LogWindows:    1. 'Intel(R) HD Graphics 630' (P:0 D:0)
[2018.07.04-19.01.43:089][  0]LogWindows:    2. 'Intel(R) HD Graphics 630' (P:0 D:0)
[2018.07.04-19.01.43:090][  0]LogWindows:    3. 'NVIDIA GeForce GTX 1050 Ti' (P:0 D:0)
[2018.07.04-19.01.43:090][  0]LogWindows: DebugString: GetVideoDriverDetailsInvalid PrimaryIsNotTheChoosenAdapter GetVideoDriverDetailsInvalid PrimaryIsNotTheChoosenAdapter GetVideoDriverDetailsInvalid PrimaryIsNotTheChoosenAdapter GetVideoDriverDetailsInvalid PrimaryIsNotTheChoosenAdapter FoundDriverCount:0 
[2018.07.04-19.01.43:090][  0]LogD3D11RHI:     Adapter Name: NVIDIA GeForce GTX 1050 Ti
[2018.07.04-19.01.43:090][  0]LogD3D11RHI:   Driver Version: Unknown (internal:Unknown, unified:Unknown)
[2018.07.04-19.01.43:090][  0]LogD3D11RHI:      Driver Date: Unknown
[2018.07.04-19.01.43:090][  0]LogRHI: Texture pool is 2812 MB (70% of 4018 MB)
[2018.07.04-19.01.43:134][  0]LogD3D11RHI: [Aftermath] Aftermath enabled and primed
[2018.07.04-19.01.43:134][  0]LogD3D11RHI: [Aftermath] Aftermath enabled and primed
[2018.07.04-19.01.43:134][  0]LogD3D11RHI: Async texture creation enabled
[2018.07.04-19.01.43:152][  0]LogD3D11RHI: GPU Timing Frequency: 1000.000000 (Debug: 2 2)
[2018.07.04-19.01.43:154][  0]LogShaderCompilers: Guid format shader working directory is -29 characters bigger than the processId version (../../../../../../Users/iD Student/Documents/GitHub/iD-Academy-Team-3/BackInTime/Intermediate/Shaders/WorkingDirectory/7000/).
[2018.07.04-19.01.43:154][  0]LogShaderCompilers: Cleaned the shader compiler working directory 'C:/Users/iD Student/AppData/Local/Temp/UnrealShaderWorkingDir/F923186A4156D8CA6CE72D9C7D298AB0/'.
[2018.07.04-19.01.43:388][  0]LogTemp: Display: Loaded TP AllDesktopTargetPlatform
[2018.07.04-19.01.43:402][  0]LogTemp: Display: Loaded TP MacClientTargetPlatform
[2018.07.04-19.01.43:418][  0]LogTemp: Display: Loaded TP MacNoEditorTargetPlatform
[2018.07.04-19.01.43:434][  0]LogTemp: Display: Loaded TP MacServerTargetPlatform
[2018.07.04-19.01.43:451][  0]LogTemp: Display: Loaded TP MacTargetPlatform
[2018.07.04-19.01.43:463][  0]LogTemp: Display: Loaded TP WindowsClientTargetPlatform
[2018.07.04-19.01.43:478][  0]LogTemp: Display: Loaded TP WindowsNoEditorTargetPlatform
[2018.07.04-19.01.43:491][  0]LogTemp: Display: Loaded TP WindowsServerTargetPlatform
[2018.07.04-19.01.43:499][  0]LogTemp: Display: Loaded TP WindowsTargetPlatform
[2018.07.04-19.01.43:512][  0]LogTemp: Display: Loaded TP Android_ASTCTargetPlatform
[2018.07.04-19.01.43:523][  0]LogTemp: Display: Loaded TP Android_ATCTargetPlatform
[2018.07.04-19.01.43:536][  0]LogTemp: Display: Loaded TP Android_DXTTargetPlatform
[2018.07.04-19.01.43:549][  0]LogTemp: Display: Loaded TP Android_ETC1aTargetPlatform
[2018.07.04-19.01.43:560][  0]LogTemp: Display: Loaded TP Android_ETC1TargetPlatform
[2018.07.04-19.01.43:575][  0]LogTemp: Display: Loaded TP Android_ETC2TargetPlatform
[2018.07.04-19.01.43:598][  0]LogTemp: Display: Loaded TP Android_MultiTargetPlatform
[2018.07.04-19.01.43:598][  0]LogTemp: Display: Loaded TP Android_PVRTCTargetPlatform
[2018.07.04-19.01.43:611][  0]LogTemp: Display: Loaded TP AndroidTargetPlatform
[2018.07.04-19.01.43:613][  0]LogTemp: Display: Loaded TP HTML5TargetPlatform
[2018.07.04-19.01.43:650][  0]LogTemp: Display: Loaded TP IOSTargetPlatform
[2018.07.04-19.01.43:663][  0]LogTemp: Display: Loaded TP TVOSTargetPlatform
[2018.07.04-19.01.43:691][  0]LogTemp: Display: Loaded TP LinuxClientTargetPlatform
[2018.07.04-19.01.43:705][  0]LogTemp: Display: Loaded TP LinuxNoEditorTargetPlatform
[2018.07.04-19.01.43:717][  0]LogTemp: Display: Loaded TP LinuxServerTargetPlatform
[2018.07.04-19.01.43:729][  0]LogTemp: Display: Loaded TP LinuxTargetPlatform
[2018.07.04-19.01.43:729][  0]LogTargetPlatformManager: Display: Building Assets For Windows
[2018.07.04-19.01.43:848][  0]LogXGEController: Cannot use XGE Controller as Incredibuild is not installed on this machine.
[2018.07.04-19.01.43:848][  0]LogShaderCompilers: Cannot use XGE Shader Compiler as Incredibuild is not installed on this machine.
[2018.07.04-19.01.43:848][  0]LogShaderCompilers: Display: Using Local Shader Compiler.
[2018.07.04-19.01.44:588][  0]LogDerivedDataCache: Display: Max Cache Size: 512 MB
[2018.07.04-19.01.44:686][  0]LogDerivedDataCache: Loaded boot cache 0.10s 74MB C:/Users/iD Student/AppData/Local/UnrealEngine/4.19/DerivedDataCache/Boot.ddc.
[2018.07.04-19.01.44:686][  0]LogDerivedDataCache: Display: Loaded Boot cache: C:/Users/iD Student/AppData/Local/UnrealEngine/4.19/DerivedDataCache/Boot.ddc
[2018.07.04-19.01.44:686][  0]LogDerivedDataCache: FDerivedDataBackendGraph:  Pak pak cache file ../../../../../../Users/iD Student/Documents/GitHub/iD-Academy-Team-3/BackInTime/DerivedDataCache/DDC.ddp not found, will not use a pak cache.
[2018.07.04-19.01.44:686][  0]LogDerivedDataCache: Unable to find inner node Pak for hierarchical cache Hierarchy.
[2018.07.04-19.01.44:686][  0]LogDerivedDataCache: FDerivedDataBackendGraph:  CompressedPak pak cache file ../../../../../../Users/iD Student/Documents/GitHub/iD-Academy-Team-3/BackInTime/DerivedDataCache/Compressed.ddp not found, will not use a pak cache.
[2018.07.04-19.01.44:686][  0]LogDerivedDataCache: Unable to find inner node CompressedPak for hierarchical cache Hierarchy.
[2018.07.04-19.01.44:703][  0]LogDerivedDataCache: Display: Pak cache opened for reading ../../../Engine/DerivedDataCache/Compressed.ddp.
[2018.07.04-19.01.44:718][  0]LogDerivedDataCache: Using Local data cache path C:/Users/iD Student/AppData/Local/UnrealEngine/Common/DerivedDataCache: Writable
[2018.07.04-19.01.44:718][  0]LogDerivedDataCache: Shared data cache path not found in *engine.ini, will not use an Shared cache.
[2018.07.04-19.01.44:718][  0]LogDerivedDataCache: Unable to find inner node Shared for hierarchical cache Hierarchy.
[2018.07.04-19.01.44:730][  0]LogMaterial: Verifying Global Shaders for PCD3D_SM5
[2018.07.04-19.01.44:731][  0]LogSlate: Using Freetype 2.6.0
[2018.07.04-19.01.44:731][  0]LogSlate: SlateFontCache - WITH_FREETYPE: 1, WITH_HARFBUZZ: 1
[2018.07.04-19.01.44:731][  0]LogSlate: SlateFontCache - WITH_FREETYPE: 1, WITH_HARFBUZZ: 1
[2018.07.04-19.01.44:860][  0]LogAssetRegistry: FAssetRegistry took 0.0280 seconds to start up
[2018.07.04-19.01.45:189][  0]LogInit: Selected Device Profile: [Windows]
[2018.07.04-19.01.45:349][  0]LogSimplygon: Simplygon DLL not present - disabling.
[2018.07.04-19.01.45:353][  0]LogMeshReduction: Using SimplygonSwarm for distributed automatic mesh merging
[2018.07.04-19.01.45:353][  0]LogMeshReduction: Using QuadricMeshReduction for automatic static mesh reduction
[2018.07.04-19.01.45:353][  0]LogMeshReduction: No automatic skeletal mesh reduction module available
[2018.07.04-19.01.45:353][  0]LogMeshReduction: No automatic mesh merging module available
[2018.07.04-19.01.45:353][  0]LogMeshMerging: No automatic mesh merging module available
[2018.07.04-19.01.45:388][  0]LogNetVersion: BackInTime , NetCL: 3944462, EngineNetVer: 2, GameNetVer: 0 (Checksum: 85204815)
[2018.07.04-19.01.45:918][  0]LogPackageLocalizationCache: Processed 9 localized package path(s) for 2 prioritized culture(s) in 0.092424 seconds
[2018.07.04-19.01.45:923][  0]LogUObjectArray: 36728 objects as part of root set at end of initial load.
[2018.07.04-19.01.45:923][  0]LogUObjectAllocator: 7314312 out of 0 bytes used by permanent object pool.
[2018.07.04-19.01.45:923][  0]LogUObjectArray: CloseDisregardForGC: 0/0 objects in disregard for GC pool
[2018.07.04-19.01.47:655][  0]LogTcpMessaging: Initializing TcpMessaging bridge
[2018.07.04-19.01.47:689][  0]LogUdpMessaging: Initializing bridge on interface 0.0.0.0:0 to multicast group 230.0.0.1:6666.
[2018.07.04-19.01.48:058][  0]SourceControl: Source control is disabled
[2018.07.04-19.01.48:058][  0]SourceControl: Source control is disabled
[2018.07.04-19.01.48:078][  0]SourceControl: Source control is disabled
[2018.07.04-19.01.48:097][  0]SourceControl: Source control is disabled
[2018.07.04-19.01.48:614][  0]LogAndroidPermission: UAndroidPermissionCallbackProxy::GetInstance
[2018.07.04-19.01.48:756][  0]LogOcInput: OculusInput pre-init called
[2018.07.04-19.01.48:864][  0]LogEngine: Initializing Engine...
[2018.07.04-19.01.48:866][  0]LogHMD: Failed to initialize OpenVR with code 110
[2018.07.04-19.01.48:867][  0]LogStats: UGameplayTagsManager::ConstructGameplayTagTree: Construct from data asset -  0.000 s
[2018.07.04-19.01.48:867][  0]LogStats: UGameplayTagsManager::ConstructGameplayTagTree: GameplayTagTreeChangedEvent.Broadcast -  0.000 s
[2018.07.04-19.01.49:148][  0]LogAIModule: Creating AISystem for world Untitled
[2018.07.04-19.01.49:165][  0]LogInit: XAudio2 using 'Speakers / Headphones (Realtek Audio)' : 2 channels at 48 kHz using 32 bits per sample (channel mask 0x3)
[2018.07.04-19.01.50:577][  0]LogInit: FAudioDevice initialized.
[2018.07.04-19.01.50:659][  0]LogDerivedDataCache: Saved boot cache 0.08s 74MB C:/Users/iD Student/AppData/Local/UnrealEngine/4.19/DerivedDataCache/Boot.ddc.
[2018.07.04-19.01.50:676][  0]LogInit: Texture streaming: Enabled
[2018.07.04-19.01.50:697][  0]LogEngineSessionManager: EngineSessionManager initialized
[2018.07.04-19.01.50:710][  0]LogInit: Transaction tracking system initialized
[2018.07.04-19.01.50:742][  0]BlueprintLog: New page: Editor Load
[2018.07.04-19.01.50:830][  0]LocalizationService: Localization service is disabled
[2018.07.04-19.01.50:948][  0]LogConsoleResponse: Display: 
[2018.07.04-19.01.51:129][  0]LogCook: Display: Max memory allowance for cook 16384mb min free memory 0mb
[2018.07.04-19.01.51:130][  0]LogCook: Display: Mobile HDR setting 1
[2018.07.04-19.01.51:130][  0]LogGameplayTags: Display: UGameplayTagsManager::DoneAddingNativeTags. DelegateIsBound: 0
[2018.07.04-19.01.51:130][  0]LogStats: UGameplayTagsManager::ConstructGameplayTagTree: Construct from data asset -  0.000 s
[2018.07.04-19.01.51:130][  0]LogStats: UGameplayTagsManager::ConstructGameplayTagTree: GameplayTagTreeChangedEvent.Broadcast -  0.000 s
[2018.07.04-19.01.51:561][  0]LogFileCache: Scanning file cache for directory 'C:/Users/iD Student/Documents/GitHub/iD-Academy-Team-3/BackInTime/Content/' took 0.02s
[2018.07.04-19.01.51:561][  0]SourceControl: Source control is disabled
[2018.07.04-19.01.51:562][  0]Cmd: MAP LOAD FILE="../../../../../../Users/iD Student/Documents/GitHub/iD-Academy-Team-3/BackInTime/Content/SideScrollerBP/Maps/SideScrollerExampleMap.umap" TEMPLATE=0 SHOWPROGRESS=1 FEATURELEVEL=3
[2018.07.04-19.01.51:567][  0]LightingResults: New page: Lighting Build
[2018.07.04-19.01.51:573][  0]MapCheck: New page: Map Check
[2018.07.04-19.01.51:573][  0]LightingResults: New page: Lighting Build
[2018.07.04-19.01.51:698][  0]LogUObjectGlobals: Created PersistentFrame Addr=0x0000026dc507b740, Size=64, Default__ThirdPerson_AnimBP_C Function /Game/Mannequin/Animations/ThirdPerson_AnimBP.ThirdPerson_AnimBP_C:ExecuteUbergraph_ThirdPerson_AnimBP
[2018.07.04-19.01.51:711][  0]LogUObjectGlobals: Destroyed PersistentFrame Addr=0x0000026dc507b740, Size=64
[2018.07.04-19.01.51:711][  0]LogUObjectGlobals: Created PersistentFrame Addr=0x0000026dc507b800, Size=64, Default__ThirdPerson_AnimBP_C Function /Engine/Transient.REINST_ThirdPerson_AnimBP_C_0:ExecuteUbergraph_ThirdPerson_AnimBP
[2018.07.04-19.01.51:719][  0]LogUObjectGlobals: Created PersistentFrame Addr=0x0000026dc4d26610, Size=72, Default__ThirdPerson_AnimBP_C Function /Game/Mannequin/Animations/ThirdPerson_AnimBP.ThirdPerson_AnimBP_C:ExecuteUbergraph_ThirdPerson_AnimBP
[2018.07.04-19.01.51:878][  0]LogUObjectGlobals: Created PersistentFrame Addr=0x0000026dc4cbc700, Size=648, Default__SideScrollerCharacter_C Function /Game/SideScrollerBP/Blueprints/SideScrollerCharacter.SideScrollerCharacter_C:ExecuteUbergraph_SideScrollerCharacter
[2018.07.04-19.01.51:889][  0]LogUObjectGlobals: Destroyed PersistentFrame Addr=0x0000026dc4cbc700, Size=648
[2018.07.04-19.01.51:889][  0]LogUObjectGlobals: Created PersistentFrame Addr=0x0000026ddf05ab00, Size=648, Default__SideScrollerCharacter_C Function /Engine/Transient.REINST_SideScrollerCharacter_C_4:ExecuteUbergraph_SideScrollerCharacter
[2018.07.04-19.01.51:903][  0]LogUObjectGlobals: Created PersistentFrame Addr=0x0000026dce06f400, Size=648, Default__SideScrollerCharacter_C Function /Game/SideScrollerBP/Blueprints/SideScrollerCharacter.SideScrollerCharacter_C:ExecuteUbergraph_SideScrollerCharacter
[2018.07.04-19.01.52:164][  0]LogSkeletalMesh: Skeletal Mesh found in DDC [12.690984ms] /Game/Mannequin/Character/Mesh/SK_Mannequin.SK_Mannequin
[2018.07.04-19.01.52:231][  0]LogAIModule: Creating AISystem for world SideScrollerExampleMap
[2018.07.04-19.01.52:247][  0]LogEditorServer: Finished looking for orphan Actors (0.000 secs)
[2018.07.04-19.01.52:261][  0]LogUObjectGlobals: Destroyed PersistentFrame Addr=0x0000026dc507b800, Size=64
[2018.07.04-19.01.52:261][  0]LogUObjectGlobals: Destroyed PersistentFrame Addr=0x0000026ddf05ab00, Size=648
[2018.07.04-19.01.52:262][  0]Cmd: MAP CHECKDEP NOCLEARLOG
[2018.07.04-19.01.52:320][  0]MapCheck: Map check complete: 0 Error(s), 0 Warning(s), took 56.78ms to complete.
[2018.07.04-19.01.52:320][  0]LogFileHelpers: Loading map 'SideScrollerExampleMap' took 0.758
[2018.07.04-19.01.52:507][  0]LogCollectionManager: Loaded 0 collections in 0.004421 seconds
[2018.07.04-19.01.52:558][  0]LogFileCache: Scanning file cache for directory 'C:/Users/iD Student/Documents/GitHub/iD-Academy-Team-3/BackInTime/Saved/Collections/' took 0.01s
[2018.07.04-19.01.52:558][  0]LogFileCache: Scanning file cache for directory 'C:/Users/iD Student/Documents/GitHub/iD-Academy-Team-3/BackInTime/Content/Developers/iDStudent/Collections/' took 0.01s
[2018.07.04-19.01.52:558][  0]LogFileCache: Scanning file cache for directory 'C:/Users/iD Student/Documents/GitHub/iD-Academy-Team-3/BackInTime/Content/Collections/' took 0.01s
[2018.07.04-19.01.52:558][  0]LogCollectionManager: Rebuilt the GUID cache for 0 collections in 0.000001 seconds
[2018.07.04-19.01.52:568][  0]LogContentBrowser: Native class hierarchy populated in 0.0093 seconds. Added 2452 classes and 558 folders.
[2018.07.04-19.01.52:580][  0]LogContentBrowser: Native class hierarchy updated for 'WidgetCarousel' in 0.0002 seconds. Added 0 classes and 0 folders.
[2018.07.04-19.01.52:942][  0]LogContentBrowser: Native class hierarchy updated for 'AddContentDialog' in 0.0003 seconds. Added 0 classes and 0 folders.
[2018.07.04-19.01.52:947][  0]LogContentBrowser: Native class hierarchy updated for 'SceneOutliner' in 0.0003 seconds. Added 1 classes and 2 folders.
[2018.07.04-19.01.53:010][  0]LogContentBrowser: Native class hierarchy updated for 'HierarchicalLODOutliner' in 0.0002 seconds. Added 0 classes and 0 folders.
[2018.07.04-19.01.53:011][  0]LogLoad: (Engine Initialization) Total time: 13.71 seconds
[2018.07.04-19.01.53:011][  0]LogLoad: (Engine Initialization) Total Blueprint compile time: 0.00 seconds
[2018.07.04-19.01.53:028][  0]LogWindowsTextInputMethodSystem: Display: IME system now deactivated.
[2018.07.04-19.01.53:048][  0]LogContentStreaming: Texture pool size now 1000 MB
[2018.07.04-19.01.53:049][  0]LogSlate: Took 0.000162 seconds to synchronously load lazily loaded font '../../../Engine/Content/Slate/Fonts/Roboto-Regular.ttf' (155K)
[2018.07.04-19.01.53:053][  0]LogSlate: Took 0.000954 seconds to synchronously load lazily loaded font '../../../Engine/Content/Slate/Fonts/Roboto-Bold.ttf' (160K)
[2018.07.04-19.01.53:065][  0]LogSlate: Took 0.004085 seconds to synchronously load lazily loaded font '../../../Engine/Content/Editor/Slate/Fonts/FontAwesome.ttf' (139K)
[2018.07.04-19.01.53:287][  1]LogAssetRegistry: Asset discovery search completed in 8.4513 seconds
[2018.07.04-19.01.53:289][  1]LogCollectionManager: Rebuilt the object cache for 0 collections in 0.000001 seconds (found 0 objects)
[2018.07.04-19.01.53:289][  1]LogCollectionManager: Fixed up redirectors for 0 collections in 0.000062 seconds (updated 0 objects)
[2018.07.04-19.01.53:327][  1]LogRenderer: Reallocating scene render targets to support 800x360 Format 10 NumSamples 1 (Frame:1).
[2018.07.04-19.01.53:327][  1]LogSlate: Took 0.006524 seconds to synchronously load lazily loaded font '../../../Engine/Content/Slate/Fonts/Roboto-Light.ttf' (167K)
[2018.07.04-19.01.54:054][ 37]LogSlate: Took 0.000210 seconds to synchronously load lazily loaded font '../../../Engine/Content/Slate/Fonts/Roboto-Light.ttf' (167K)
[2018.07.04-19.02.06:965][810]LogSlate: FSceneViewport::OnFocusLost() reason 0
[2018.07.04-19.02.07:132][816]LogRenderer: Reallocating scene render targets to support 964x436 Format 10 NumSamples 1 (Frame:811).
[2018.07.04-19.02.08:098][870]LogEditorViewport: Clicking on Actor (LMB): StaticMeshActor (Floor)
[2018.07.04-19.02.16:144][344]LogSlate: FSceneViewport::OnFocusLost() reason 0
[2018.07.04-19.02.23:800][793]LogUObjectGlobals: Created PersistentFrame Addr=0x0000026dd55085e0, Size=24, Default__Arrow1_BP_C Function /Game/CustomBP/Arrow1_BP.Arrow1_BP_C:ExecuteUbergraph_Arrow1_BP
[2018.07.04-19.02.23:801][793]LogUObjectGlobals: Destroyed PersistentFrame Addr=0x0000026dd55085e0, Size=24
[2018.07.04-19.02.23:801][793]LogUObjectGlobals: Created PersistentFrame Addr=0x0000026dd55085e0, Size=24, Default__Arrow1_BP_C Function /Engine/Transient.REINST_Arrow1_BP_C_8:ExecuteUbergraph_Arrow1_BP
[2018.07.04-19.02.23:803][793]LogUObjectGlobals: Created PersistentFrame Addr=0x0000026dd5509f90, Size=24, Default__Arrow1_BP_C Function /Game/CustomBP/Arrow1_BP.Arrow1_BP_C:ExecuteUbergraph_Arrow1_BP
[2018.07.04-19.02.23:814][793]LogUObjectGlobals: Created PersistentFrame Addr=0x0000026dd54fb680, Size=32, Default__Launcher_BP_C Function /Game/CustomBP/Launcher_BP.Launcher_BP_C:ExecuteUbergraph_Launcher_BP
[2018.07.04-19.02.23:817][793]LogUObjectGlobals: Destroyed PersistentFrame Addr=0x0000026dd54fb680, Size=32
[2018.07.04-19.02.23:817][793]LogUObjectGlobals: Created PersistentFrame Addr=0x0000026dd54fb680, Size=32, Default__Launcher_BP_C Function /Engine/Transient.REINST_Launcher_BP_C_10:ExecuteUbergraph_Launcher_BP
[2018.07.04-19.02.23:819][793]LogUObjectGlobals: Created PersistentFrame Addr=0x0000026dd54fb560, Size=32, Default__Launcher_BP_C Function /Game/CustomBP/Launcher_BP.Launcher_BP_C:ExecuteUbergraph_Launcher_BP
[2018.07.04-19.02.23:830][793]LogUObjectGlobals: Created PersistentFrame Addr=0x0000026dd210ca40, Size=304, Default__Plat_TrapDoor_Door_Blueprint_C Function /Game/CustomBP/Plat_TrapDoor_Door_Blueprint.Plat_TrapDoor_Door_Blueprint_C:ExecuteUbergraph_Plat_TrapDoor_Door_Blueprint
[2018.07.04-19.02.23:832][793]LogUObjectGlobals: Destroyed PersistentFrame Addr=0x0000026dd210ca40, Size=304
[2018.07.04-19.02.23:832][793]LogUObjectGlobals: Created PersistentFrame Addr=0x0000026dd210ca40, Size=304, Default__Plat_TrapDoor_Door_Blueprint_C Function /Engine/Transient.REINST_Plat_TrapDoor_Door_Blueprint_C_12:ExecuteUbergraph_Plat_TrapDoor_Door_Blueprint
[2018.07.04-19.02.23:833][793]LogUObjectGlobals: Created PersistentFrame Addr=0x0000026dd210c680, Size=304, Default__Plat_TrapDoor_Door_Blueprint_C Function /Game/CustomBP/Plat_TrapDoor_Door_Blueprint.Plat_TrapDoor_Door_Blueprint_C:ExecuteUbergraph_Plat_TrapDoor_Door_Blueprint
[2018.07.04-19.02.23:838][793]LogUObjectGlobals: Created PersistentFrame Addr=0x0000026dd55692d8, Size=40, Default__TeleExit_BP_C Function /Game/CustomBP/TeleExit_BP.TeleExit_BP_C:ExecuteUbergraph_TeleExit_BP
[2018.07.04-19.02.23:839][793]LogUObjectGlobals: Destroyed PersistentFrame Addr=0x0000026dd55692d8, Size=40
[2018.07.04-19.02.23:839][793]LogUObjectGlobals: Created PersistentFrame Addr=0x0000026dd55692d8, Size=40, Default__TeleExit_BP_C Function /Engine/Transient.REINST_TeleExit_BP_C_14:ExecuteUbergraph_TeleExit_BP
[2018.07.04-19.02.23:841][793]LogUObjectGlobals: Created PersistentFrame Addr=0x0000026dd5568fb8, Size=40, Default__TeleExit_BP_C Function /Game/CustomBP/TeleExit_BP.TeleExit_BP_C:ExecuteUbergraph_TeleExit_BP
[2018.07.04-19.02.23:843][793]LogUObjectGlobals: Created PersistentFrame Addr=0x0000026d89450160, Size=48, Default__TeleEnter_BP_C Function /Game/CustomBP/TeleEnter_BP.TeleEnter_BP_C:ExecuteUbergraph_TeleEnter_BP
[2018.07.04-19.02.23:845][793]LogUObjectGlobals: Destroyed PersistentFrame Addr=0x0000026d89450160, Size=48
[2018.07.04-19.02.23:845][793]LogUObjectGlobals: Created PersistentFrame Addr=0x0000026d89450160, Size=48, Default__TeleEnter_BP_C Function /Engine/Transient.REINST_TeleEnter_BP_C_16:ExecuteUbergraph_TeleEnter_BP
[2018.07.04-19.02.23:847][793]LogUObjectGlobals: Created PersistentFrame Addr=0x0000026d894527d0, Size=48, Default__TeleEnter_BP_C Function /Game/CustomBP/TeleEnter_BP.TeleEnter_BP_C:ExecuteUbergraph_TeleEnter_BP
[2018.07.04-19.02.23:966][793]LogAIModule: Creating AISystem for world sorenLevel
[2018.07.04-19.02.23:989][793]LogUObjectGlobals: Destroyed PersistentFrame Addr=0x0000026d89450160, Size=48
[2018.07.04-19.02.23:989][793]LogUObjectGlobals: Destroyed PersistentFrame Addr=0x0000026dd55692d8, Size=40
[2018.07.04-19.02.23:989][793]LogUObjectGlobals: Destroyed PersistentFrame Addr=0x0000026dd210ca40, Size=304
[2018.07.04-19.02.23:989][793]LogUObjectGlobals: Destroyed PersistentFrame Addr=0x0000026dd54fb680, Size=32
[2018.07.04-19.02.23:989][793]LogUObjectGlobals: Destroyed PersistentFrame Addr=0x0000026dd55085e0, Size=24
[2018.07.04-19.02.23:990][793]Cmd: MAP LOAD FILE="../../../../../../Users/iD Student/Documents/GitHub/iD-Academy-Team-3/BackInTime/Content/SideScrollerBP/Maps/sorenLevel.umap" TEMPLATE=0 SHOWPROGRESS=1 FEATURELEVEL=3
[2018.07.04-19.02.23:990][793]LightingResults: New page: Lighting Build
[2018.07.04-19.02.23:991][793]LoadErrors: New page: Loading map: sorenLevel.umap
[2018.07.04-19.02.23:993][793]MapCheck: New page: Map Check
[2018.07.04-19.02.23:993][793]LightingResults: New page: Lighting Build
[2018.07.04-19.02.24:014][793]LogEditorServer: Finished looking for orphan Actors (0.000 secs)
[2018.07.04-19.02.24:054][793]Cmd: MAP CHECKDEP NOCLEARLOG
[2018.07.04-19.02.24:104][793]MapCheck: Map check complete: 0 Error(s), 0 Warning(s), took 50.397ms to complete.
[2018.07.04-19.02.24:104][793]LogFileHelpers: Loading map 'sorenLevel' took 0.115
[2018.07.04-19.02.28:349][ 42]LogEditorViewport: Clicking on Actor (LMB): StaticMeshActor (Plat_TrapDoorBase_Plat)
[2018.07.04-19.02.30:817][174]LogEditorViewport: Clicking on Actor (LMB): Plat_TrapDoor_Door_Blueprint_C (Plat_TrapDoor_Door_Blueprint)
[2018.07.04-19.02.40:476][744]LogSlate: FSceneViewport::OnFocusLost() reason 2
[2018.07.04-19.05.29:721][852]LogSlate: Window 'BackInTime - Unreal Editor' being destroyed
[2018.07.04-19.05.29:722][852]LogWindowsTextInputMethodSystem: Display: IME system now deactivated.
[2018.07.04-19.05.29:962][853]Cmd: QUIT_EDITOR
[2018.07.04-19.05.30:012][853]LogSlate: Slate User Destroyed.  User Index 0, Is Virtual User: 0
[2018.07.04-19.05.30:013][853]LogExit: Preparing to exit.
[2018.07.04-19.05.30:838][853]LogDirectoryWatcher: A directory notification for 'C:/Users/iD Student/Documents/GitHub/iD-Academy-Team-3/BackInTime/Content/' was aborted.
[2018.07.04-19.05.30:878][853]LogExit: Editor shut down
[2018.07.04-19.05.30:892][853]LogExit: Transaction tracking system shut down
[2018.07.04-19.05.30:893][853]LogUObjectGlobals: Destroyed PersistentFrame Addr=0x0000026dc4d26610, Size=72
[2018.07.04-19.05.30:893][853]LogUObjectGlobals: Destroyed PersistentFrame Addr=0x0000026dce06f400, Size=648
[2018.07.04-19.05.30:895][853]LogUObjectGlobals: Destroyed PersistentFrame Addr=0x0000026d894527d0, Size=48
[2018.07.04-19.05.30:895][853]LogUObjectGlobals: Destroyed PersistentFrame Addr=0x0000026dd5568fb8, Size=40
[2018.07.04-19.05.30:895][853]LogUObjectGlobals: Destroyed PersistentFrame Addr=0x0000026dd210c680, Size=304
[2018.07.04-19.05.30:895][853]LogUObjectGlobals: Destroyed PersistentFrame Addr=0x0000026dd54fb560, Size=32
[2018.07.04-19.05.30:895][853]LogUObjectGlobals: Destroyed PersistentFrame Addr=0x0000026dd5509f90, Size=24
[2018.07.04-19.05.31:010][853]LogDirectoryWatcher: A directory notification for '../../../Engine/Content/' was aborted.
[2018.07.04-19.05.31:010][853]LogDirectoryWatcher: A directory notification for '../../../../../../Users/iD Student/Documents/GitHub/iD-Academy-Team-3/BackInTime/Content/' was aborted.
[2018.07.04-19.05.31:010][853]LogDirectoryWatcher: A directory notification for '../../Plugins/2D/Paper2D/Content/' was aborted.
[2018.07.04-19.05.31:010][853]LogDirectoryWatcher: A directory notification for '../../Plugins/Enterprise/DatasmithContent/Content/' was aborted.
[2018.07.04-19.05.31:010][853]LogDirectoryWatcher: A directory notification for '../../Plugins/Media/MediaCompositing/Content/' was aborted.
[2018.07.04-19.05.31:010][853]LogDirectoryWatcher: A directory notification for '../../Plugins/Runtime/AppleARKit/Content/' was aborted.
[2018.07.04-19.05.31:010][853]LogDirectoryWatcher: A directory notification for '../../Plugins/Runtime/Oculus/OculusVR/Content/' was aborted.
[2018.07.04-19.05.31:010][853]LogDirectoryWatcher: A directory notification for '../../Plugins/Runtime/Steam/SteamVR/Content/' was aborted.
[2018.07.04-19.05.31:088][853]LogExit: Object subsystem successfully closed.
[2018.07.04-19.05.31:104][853]LogShaderCompilers: Display: Shaders left to compile 0
[2018.07.04-19.05.31:108][853]LogD3D11RHI: Shutdown
[2018.07.04-19.05.31:108][853]LogD3D11RHI: CleanupD3DDevice
[2018.07.04-19.05.31:109][853]LogD3D11RHI: ~FD3D11DynamicRHI
[2018.07.04-19.05.31:126][853]LogModuleManager: Shutting down and abandoning module HierarchicalLODOutliner (574)
[2018.07.04-19.05.31:126][853]LogModuleManager: Shutting down and abandoning module SceneOutliner (572)
[2018.07.04-19.05.31:126][853]LogModuleManager: Shutting down and abandoning module AddContentDialog (570)
[2018.07.04-19.05.31:126][853]LogDirectoryWatcher: A directory notification for 'C:/Program Files/Epic Games/UE_4.19/FeaturePacks/' was aborted.
[2018.07.04-19.05.31:127][853]LogModuleManager: Shutting down and abandoning module WidgetCarousel (569)
[2018.07.04-19.05.31:127][853]LogModuleManager: Shutting down and abandoning module EditorWidgets (566)
[2018.07.04-19.05.31:127][853]LogModuleManager: Shutting down and abandoning module CollectionManager (564)
[2018.07.04-19.05.31:127][853]LogDirectoryWatcher: A directory notification for 'C:/Users/iD Student/Documents/GitHub/iD-Academy-Team-3/BackInTime/Content/Collections/' was aborted.
[2018.07.04-19.05.31:127][853]LogDirectoryWatcher: A directory notification for 'C:/Users/iD Student/Documents/GitHub/iD-Academy-Team-3/BackInTime/Content/Developers/iDStudent/Collections/' was aborted.
[2018.07.04-19.05.31:127][853]LogDirectoryWatcher: A directory notification for 'C:/Users/iD Student/Documents/GitHub/iD-Academy-Team-3/BackInTime/Saved/Collections/' was aborted.
[2018.07.04-19.05.31:127][853]LogModuleManager: Shutting down and abandoning module StatsViewer (562)
[2018.07.04-19.05.31:127][853]LogModuleManager: Shutting down and abandoning module FoliageEdit (560)
[2018.07.04-19.05.31:127][853]LogModuleManager: Shutting down and abandoning module LandscapeEditor (558)
[2018.07.04-19.05.31:127][853]LogModuleManager: Shutting down and abandoning module MeshPaintMode (556)
[2018.07.04-19.05.31:128][853]LogModuleManager: Shutting down and abandoning module SceneDepthPickerMode (554)
[2018.07.04-19.05.31:128][853]LogModuleManager: Shutting down and abandoning module ActorPickerMode (552)
[2018.07.04-19.05.31:128][853]LogModuleManager: Shutting down and abandoning module GeometryMode (550)
[2018.07.04-19.05.31:128][853]LogModuleManager: Shutting down and abandoning module TextureAlignMode (548)
[2018.07.04-19.05.31:128][853]LogModuleManager: Shutting down and abandoning module BspMode (546)
[2018.07.04-19.05.31:128][853]LogModuleManager: Shutting down and abandoning module PIEPreviewDeviceProfileSelector (544)
[2018.07.04-19.05.31:128][853]LogModuleManager: Shutting down and abandoning module HardwareSurvey (542)
[2018.07.04-19.05.31:128][853]LogModuleManager: Shutting down and abandoning module SequenceRecorderSections (540)
[2018.07.04-19.05.31:128][853]LogModuleManager: Shutting down and abandoning module AutomationWorker (538)
[2018.07.04-19.05.31:128][853]LogModuleManager: Shutting down and abandoning module AudioCaptureEditor (536)
[2018.07.04-19.05.31:128][853]LogModuleManager: Shutting down and abandoning module SequenceRecorder (535)
[2018.07.04-19.05.31:128][853]LogModuleManager: Shutting down and abandoning module MatineeToLevelSequence (532)
[2018.07.04-19.05.31:128][853]LogModuleManager: Shutting down and abandoning module LevelSequenceEditor (530)
[2018.07.04-19.05.31:128][853]LogModuleManager: Shutting down and abandoning module PlacementMode (529)
[2018.07.04-19.05.31:128][853]LogModuleManager: Shutting down and abandoning module MaterialEditor (528)
[2018.07.04-19.05.31:128][853]LogModuleManager: Shutting down and abandoning module WmfMediaFactory (524)
[2018.07.04-19.05.31:128][853]LogModuleManager: Shutting down and abandoning module WmfMediaEditor (522)
[2018.07.04-19.05.31:128][853]LogModuleManager: Shutting down and abandoning module MediaPlayerEditor (520)
[2018.07.04-19.05.31:128][853]LogModuleManager: Shutting down and abandoning module OpenExrWrapper (518)
[2018.07.04-19.05.31:128][853]LogModuleManager: Shutting down and abandoning module ImgMediaFactory (516)
[2018.07.04-19.05.31:128][853]LogModuleManager: Shutting down and abandoning module ImgMediaEditor (514)
[2018.07.04-19.05.31:128][853]LogModuleManager: Shutting down and abandoning module AvfMediaFactory (512)
[2018.07.04-19.05.31:128][853]LogModuleManager: Shutting down and abandoning module AvfMediaEditor (510)
[2018.07.04-19.05.31:128][853]LogModuleManager: Shutting down and abandoning module AndroidMediaFactory (508)
[2018.07.04-19.05.31:128][853]LogModuleManager: Shutting down and abandoning module AndroidMediaEditor (506)
[2018.07.04-19.05.31:128][853]LogModuleManager: Shutting down and abandoning module CharacterAI (504)
[2018.07.04-19.05.31:128][853]LogModuleManager: Shutting down and abandoning module SmartSnapping (502)
[2018.07.04-19.05.31:128][853]LogModuleManager: Shutting down and abandoning module SessionServices (500)
[2018.07.04-19.05.31:128][853]LogModuleManager: Shutting down and abandoning module ViewportSnapping (498)
[2018.07.04-19.05.31:128][853]LogModuleManager: Shutting down and abandoning module ViewportInteraction (496)
[2018.07.04-19.05.31:128][853]LogModuleManager: Shutting down and abandoning module ClothPainter (494)
[2018.07.04-19.05.31:128][853]LogModuleManager: Shutting down and abandoning module SkeletalMeshEditor (493)
[2018.07.04-19.05.31:128][853]LogModuleManager: Shutting down and abandoning module LogVisualizer (490)
[2018.07.04-19.05.31:128][853]LogModuleManager: Shutting down and abandoning module IntroTutorials (488)
[2018.07.04-19.05.31:128][853]LogModuleManager: Shutting down and abandoning module GameProjectGeneration (487)
[2018.07.04-19.05.31:128][853]LogModuleManager: Shutting down and abandoning module IOSPlatformEditor (484)
[2018.07.04-19.05.31:128][853]LogModuleManager: Shutting down and abandoning module HTML5PlatformEditor (482)
[2018.07.04-19.05.31:128][853]LogModuleManager: Shutting down and abandoning module AndroidPlatformEditor (480)
[2018.07.04-19.05.31:128][853]LogModuleManager: Shutting down and abandoning module AndroidDeviceDetection (479)
[2018.07.04-19.05.31:967][853]LogModuleManager: Shutting down and abandoning module WindowsPlatformEditor (476)
[2018.07.04-19.05.31:967][853]LogModuleManager: Shutting down and abandoning module IOSRuntimeSettings (474)
[2018.07.04-19.05.31:967][853]LogModuleManager: Shutting down and abandoning module AndroidRuntimeSettings (472)
[2018.07.04-19.05.31:967][853]LogModuleManager: Shutting down and abandoning module InputBindingEditor (470)
[2018.07.04-19.05.31:967][853]LogModuleManager: Shutting down and abandoning module MergeActors (468)
[2018.07.04-19.05.31:967][853]LogModuleManager: Shutting down and abandoning module LocalizationDashboard (466)
[2018.07.04-19.05.31:967][853]LogModuleManager: Shutting down and abandoning module LocalizationService (465)
[2018.07.04-19.05.31:967][853]LogModuleManager: Shutting down and abandoning module HardwareTargeting (462)
[2018.07.04-19.05.31:967][853]LogModuleManager: Shutting down and abandoning module DeviceProfileEditor (460)
[2018.07.04-19.05.31:967][853]LogModuleManager: Shutting down and abandoning module UndoHistory (458)
[2018.07.04-19.05.31:967][853]LogModuleManager: Shutting down and abandoning module XmlParser (456)
[2018.07.04-19.05.31:967][853]LogModuleManager: Shutting down and abandoning module Blutility (454)
[2018.07.04-19.05.31:967][853]LogModuleManager: Shutting down and abandoning module ProjectSettingsViewer (452)
[2018.07.04-19.05.31:967][853]LogModuleManager: Shutting down and abandoning module ProjectTargetPlatformEditor (451)
[2018.07.04-19.05.31:967][853]LogModuleManager: Shutting down and abandoning module EditorSettingsViewer (448)
[2018.07.04-19.05.31:967][853]LogModuleManager: Shutting down and abandoning module SettingsEditor (446)
[2018.07.04-19.05.31:967][853]LogModuleManager: Shutting down and abandoning module ProjectLauncher (444)
[2018.07.04-19.05.31:967][853]LogModuleManager: Shutting down and abandoning module SessionFrontend (442)
[2018.07.04-19.05.31:967][853]LogModuleManager: Shutting down and abandoning module ProfilerClient (440)
[2018.07.04-19.05.31:967][853]LogModuleManager: Shutting down and abandoning module DeviceManager (438)
[2018.07.04-19.05.31:967][853]LogModuleManager: Shutting down and abandoning module TargetDeviceServices (437)
[2018.07.04-19.05.32:036][853]LogModuleManager: Shutting down and abandoning module AutomationController (434)
[2018.07.04-19.05.32:036][853]LogModuleManager: Shutting down and abandoning module AutomationWindow (432)
[2018.07.04-19.05.32:036][853]LogModuleManager: Shutting down and abandoning module Layers (430)
[2018.07.04-19.05.32:037][853]LogModuleManager: Shutting down and abandoning module ComponentVisualizers (428)
[2018.07.04-19.05.32:037][853]LogModuleManager: Shutting down and abandoning module DetailCustomizations (426)
[2018.07.04-19.05.32:037][853]LogModuleManager: Shutting down and abandoning module PackagesDialog (424)
[2018.07.04-19.05.32:037][853]LogModuleManager: Shutting down and abandoning module Persona (422)
[2018.07.04-19.05.32:038][853]LogModuleManager: Shutting down and abandoning module AdvancedPreviewScene (421)
[2018.07.04-19.05.32:038][853]LogModuleManager: Shutting down and abandoning module AnimGraph (419)
[2018.07.04-19.05.32:038][853]LogModuleManager: Shutting down and abandoning module Kismet (416)
[2018.07.04-19.05.32:041][853]LogModuleManager: Shutting down and abandoning module GraphEditor (414)
[2018.07.04-19.05.32:041][853]LogModuleManager: Shutting down and abandoning module ClassViewer (412)
[2018.07.04-19.05.32:041][853]LogModuleManager: Shutting down and abandoning module Toolbox (410)
[2018.07.04-19.05.32:041][853]LogModuleManager: Shutting down and abandoning module ModuleUI (408)
[2018.07.04-19.05.32:042][853]LogModuleManager: Shutting down and abandoning module MovieSceneTools (406)
[2018.07.04-19.05.32:042][853]LogModuleManager: Shutting down and abandoning module OutputLog (404)
[2018.07.04-19.05.32:042][853]LogModuleManager: Shutting down and abandoning module GammaUI (402)
[2018.07.04-19.05.32:042][853]LogModuleManager: Shutting down and abandoning module Documentation (400)
[2018.07.04-19.05.32:042][853]LogModuleManager: Shutting down and abandoning module MovieSceneTracks (398)
[2018.07.04-19.05.32:042][853]LogModuleManager: Shutting down and abandoning module MovieScene (396)
[2018.07.04-19.05.32:042][853]LogModuleManager: Shutting down and abandoning module StreamingPauseRendering (394)
[2018.07.04-19.05.32:042][853]LogModuleManager: Shutting down and abandoning module LauncherPlatform (392)
[2018.07.04-19.05.32:042][853]LogModuleManager: Shutting down and abandoning module AnalyticsET (390)
[2018.07.04-19.05.32:042][853]LogModuleManager: Shutting down and abandoning module PortalServices (388)
[2018.07.04-19.05.32:042][853]LogModuleManager: Shutting down and abandoning module PortalRpc (386)
[2018.07.04-19.05.32:043][853]LogModuleManager: Shutting down and abandoning module MessagingRpc (384)
[2018.07.04-19.05.32:043][853]LogModuleManager: Shutting down and abandoning module AIModule (382)
[2018.07.04-19.05.32:043][853]LogModuleManager: Shutting down and abandoning module GameplayDebugger (381)
[2018.07.04-19.05.32:043][853]LogModuleManager: Shutting down and abandoning module AITestSuite (379)
[2018.07.04-19.05.32:043][853]LogModuleManager: Shutting down and abandoning module DesktopPlatform (376)
[2018.07.04-19.05.32:043][853]LogModuleManager: Shutting down and abandoning module ProfilerService (374)
[2018.07.04-19.05.32:111][853]LogModuleManager: Shutting down and abandoning module TaskGraph (372)
[2018.07.04-19.05.32:112][853]LogModuleManager: Shutting down and abandoning module SteamVRController (370)
[2018.07.04-19.05.32:112][853]LogModuleManager: Shutting down and abandoning module ProceduralMeshComponentEditor (368)
[2018.07.04-19.05.32:112][853]LogModuleManager: Shutting down and abandoning module ProceduralMeshComponent (366)
[2018.07.04-19.05.32:112][853]LogModuleManager: Shutting down and abandoning module OculusInput (364)
[2018.07.04-19.05.32:113][853]LogModuleManager: Shutting down and abandoning module MobilePatchingUtils (362)
[2018.07.04-19.05.32:113][853]LogModuleManager: Shutting down and abandoning module CustomMeshComponent (360)
[2018.07.04-19.05.32:113][853]LogModuleManager: Shutting down and abandoning module CableComponent (358)
[2018.07.04-19.05.32:113][853]LogModuleManager: Shutting down and abandoning module AudioCapture (356)
[2018.07.04-19.05.32:113][853]LogModuleManager: Shutting down and abandoning module ArchVisCharacter (354)
[2018.07.04-19.05.32:113][853]LogModuleManager: Shutting down and abandoning module AndroidPermission (352)
[2018.07.04-19.05.32:113][853]LogModuleManager: Shutting down and abandoning module NUTUnrealEngine4 (348)
[2018.07.04-19.05.32:115][853]LogModuleManager: Shutting down and abandoning module NetcodeUnitTest (346)
[2018.07.04-19.05.32:115][853]LogModuleManager: Shutting down and abandoning module MediaCompositingEditor (344)
[2018.07.04-19.05.32:116][853]LogModuleManager: Shutting down and abandoning module MediaCompositing (342)
[2018.07.04-19.05.32:116][853]LogModuleManager: Shutting down and abandoning module LinearTimecode (340)
[2018.07.04-19.05.32:116][853]LogModuleManager: Shutting down and abandoning module ImgMedia (338)
[2018.07.04-19.05.32:148][853]LogModuleManager: Shutting down and abandoning module HTML5Networking (336)
[2018.07.04-19.05.32:148][853]LogModuleManager: Shutting down and abandoning module AlembicImporter (334)
[2018.07.04-19.05.32:148][853]LogModuleManager: Shutting down and abandoning module AlembicLibrary (333)
[2018.07.04-19.05.32:148][853]LogModuleManager: Shutting down and abandoning module GeometryCache (332)
[2018.07.04-19.05.32:148][853]LogModuleManager: Shutting down and abandoning module GeometryCacheEd (331)
[2018.07.04-19.05.32:151][853]LogModuleManager: Shutting down and abandoning module DatasmithContent (326)
[2018.07.04-19.05.32:151][853]LogModuleManager: Shutting down and abandoning module SpeedTreeImporter (324)
[2018.07.04-19.05.32:151][853]LogModuleManager: Shutting down and abandoning module PluginBrowser (322)
[2018.07.04-19.05.32:151][853]LogModuleManager: Shutting down and abandoning module MobileLauncherProfileWizard (320)
[2018.07.04-19.05.32:151][853]LogModuleManager: Shutting down and abandoning module CryptoKeysOpenSSL (318)
[2018.07.04-19.05.32:151][853]LogModuleManager: Shutting down and abandoning module CryptoKeys (316)
[2018.07.04-19.05.32:152][853]LogModuleManager: Shutting down and abandoning module VisualStudioSourceCodeAccess (314)
[2018.07.04-19.05.32:152][853]LogModuleManager: Shutting down and abandoning module VisualStudioCodeSourceCodeAccess (312)
[2018.07.04-19.05.32:152][853]LogModuleManager: Shutting down and abandoning module UObjectPlugin (310)
[2018.07.04-19.05.32:152][853]LogModuleManager: Shutting down and abandoning module SubversionSourceControl (308)
[2018.07.04-19.05.32:152][853]LogModuleManager: Shutting down and abandoning module PerforceSourceControl (306)
[2018.07.04-19.05.32:152][853]LogModuleManager: Shutting down and abandoning module GitSourceControl (304)
[2018.07.04-19.05.32:152][853]LogModuleManager: Shutting down and abandoning module SourceControl (303)
[2018.07.04-19.05.32:153][853]LogModuleManager: Shutting down and abandoning module CLionSourceCodeAccess (300)
[2018.07.04-19.05.32:153][853]LogModuleManager: Shutting down and abandoning module LightPropagationVolumeEditor (298)
[2018.07.04-19.05.32:153][853]LogModuleManager: Shutting down and abandoning module PaperTiledImporter (296)
[2018.07.04-19.05.32:153][853]LogModuleManager: Shutting down and abandoning module PaperSpriteSheetImporter (294)
[2018.07.04-19.05.32:153][853]LogModuleManager: Shutting down and abandoning module Paper2DEditor (292)
[2018.07.04-19.05.32:153][853]LogModuleManager: Shutting down and abandoning module MeshPaint (291)
[2018.07.04-19.05.32:153][853]LogModuleManager: Shutting down and abandoning module RuntimePhysXCooking (288)
[2018.07.04-19.05.32:153][853]LogModuleManager: Shutting down and abandoning module PhysXVehiclesEditor (286)
[2018.07.04-19.05.32:153][853]LogModuleManager: Shutting down and abandoning module PhysXVehicles (284)
[2018.07.04-19.05.32:153][853]LogModuleManager: Shutting down and abandoning module OculusEditor (282)
[2018.07.04-19.05.32:153][853]LogModuleManager: Shutting down and abandoning module LocationServicesBPLibrary (280)
[2018.07.04-19.05.32:153][853]LogModuleManager: Shutting down and abandoning module ImmediatePhysicsEditor (278)
[2018.07.04-19.05.32:153][853]LogModuleManager: Shutting down and abandoning module ImmediatePhysics (276)
[2018.07.04-19.05.32:154][853]LogModuleManager: Shutting down and abandoning module ActorSequence (274)
[2018.07.04-19.05.32:154][853]LogModuleManager: Shutting down and abandoning module UdpMessaging (272)
[2018.07.04-19.05.32:255][853]LogModuleManager: Shutting down and abandoning module TcpMessaging (270)
[2018.07.04-19.05.32:355][853]LogModuleManager: Shutting down and abandoning module GameplayTagsEditor (268)
[2018.07.04-19.05.32:355][853]LogModuleManager: Shutting down and abandoning module FacialAnimationEditor (266)
[2018.07.04-19.05.32:355][853]LogModuleManager: Shutting down and abandoning module FacialAnimation (264)
[2018.07.04-19.05.32:355][853]LogModuleManager: Shutting down and abandoning module DataValidation (262)
[2018.07.04-19.05.32:355][853]LogModuleManager: Shutting down and abandoning module AssetManagerEditor (260)
[2018.07.04-19.05.32:355][853]LogModuleManager: Shutting down and abandoning module LevelEditor (259)
[2018.07.04-19.05.32:356][853]LogModuleManager: Shutting down and abandoning module PixelInspectorModule (258)
[2018.07.04-19.05.32:356][853]LogModuleManager: Shutting down and abandoning module CommonMenuExtensions (256)
[2018.07.04-19.05.32:356][853]LogModuleManager: Shutting down and abandoning module MainFrame (254)
[2018.07.04-19.05.32:356][853]LogModuleManager: Shutting down and abandoning module HotReload (253)
[2018.07.04-19.05.32:357][853]LogModuleManager: Shutting down and abandoning module ContentBrowser (249)
[2018.07.04-19.05.32:358][853]LogModuleManager: Shutting down and abandoning module TreeMap (247)
[2018.07.04-19.05.32:358][853]LogModuleManager: Shutting down and abandoning module LightPropagationVolumeRuntime (244)
[2018.07.04-19.05.32:358][853]LogModuleManager: Shutting down and abandoning module LiveLinkEditor (242)
[2018.07.04-19.05.32:358][853]LogModuleManager: Shutting down and abandoning module LiveLink (240)
[2018.07.04-19.05.32:374][853]LogModuleManager: Shutting down and abandoning module Paper2D (238)
[2018.07.04-19.05.32:374][853]LogModuleManager: Shutting down and abandoning module WindowsMoviePlayer (236)
[2018.07.04-19.05.32:374][853]LogModuleManager: Shutting down and abandoning module WmfMedia (234)
[2018.07.04-19.05.32:375][853]LogModuleManager: Shutting down and abandoning module Media (233)
[2018.07.04-19.05.32:384][853]LogModuleManager: Shutting down and abandoning module PacketHandler (230)
[2018.07.04-19.05.32:385][853]LogModuleManager: Shutting down and abandoning module ClothingSystemEditor (228)
[2018.07.04-19.05.32:385][853]LogModuleManager: Shutting down and abandoning module ClothingSystemRuntime (226)
[2018.07.04-19.05.32:385][853]LogModuleManager: Shutting down and abandoning module MediaAssets (224)
[2018.07.04-19.05.32:385][853]LogModuleManager: Shutting down and abandoning module Overlay (222)
[2018.07.04-19.05.32:385][853]LogModuleManager: Shutting down and abandoning module OverlayEditor (221)
[2018.07.04-19.05.32:385][853]LogModuleManager: Shutting down and abandoning module VREditor (218)
[2018.07.04-19.05.32:386][853]LogModuleManager: Shutting down and abandoning module StringTableEditor (216)
[2018.07.04-19.05.32:386][853]LogModuleManager: Shutting down and abandoning module GameplayTasksEditor (214)
[2018.07.04-19.05.32:386][853]LogModuleManager: Shutting down and abandoning module BehaviorTreeEditor (212)
[2018.07.04-19.05.32:386][853]LogModuleManager: Shutting down and abandoning module FunctionalTesting (210)
[2018.07.04-19.05.32:386][853]LogModuleManager: Shutting down and abandoning module CollisionAnalyzer (208)
[2018.07.04-19.05.32:386][853]LogModuleManager: Shutting down and abandoning module WorkspaceMenuStructure (207)
[2018.07.04-19.05.32:386][853]LogModuleManager: Shutting down and abandoning module UMG (204)
[2018.07.04-19.05.32:386][853]LogModuleManager: Shutting down and abandoning module UMGEditor (203)
[2018.07.04-19.05.32:386][853]LogModuleManager: Shutting down and abandoning module Sequencer (202)
[2018.07.04-19.05.32:387][853]LogModuleManager: Shutting down and abandoning module MessageLog (199)
[2018.07.04-19.05.32:387][853]LogModuleManager: Shutting down and abandoning module SlateReflector (194)
[2018.07.04-19.05.32:387][853]LogModuleManager: Shutting down and abandoning module Slate (192)
[2018.07.04-19.05.32:387][853]LogModuleManager: Shutting down and abandoning module EditorStyle (190)
[2018.07.04-19.05.32:391][853]LogModuleManager: Shutting down and abandoning module MRMesh (188)
[2018.07.04-19.05.32:391][853]LogModuleManager: Shutting down and abandoning module SourceCodeAccess (186)
[2018.07.04-19.05.32:391][853]LogModuleManager: Shutting down and abandoning module HeadMountedDisplay (184)
[2018.07.04-19.05.32:391][853]LogModuleManager: Shutting down and abandoning module XAudio2 (182)
[2018.07.04-19.05.32:391][853]LogModuleManager: Shutting down and abandoning module Networking (180)
[2018.07.04-19.05.32:391][853]LogModuleManager: Shutting down and abandoning module Core (178)
[2018.07.04-19.05.32:391][853]LogModuleManager: Shutting down and abandoning module LevelSequence (176)
[2018.07.04-19.05.32:391][853]LogModuleManager: Shutting down and abandoning module KismetCompiler (174)
[2018.07.04-19.05.32:391][853]LogModuleManager: Shutting down and abandoning module MeshUtilities (172)
[2018.07.04-19.05.32:391][853]LogModuleManager: Shutting down and abandoning module MeshMergeUtilities (171)
[2018.07.04-19.05.32:391][853]LogModuleManager: Shutting down and abandoning module MeshReductionInterface (170)
[2018.07.04-19.05.32:391][853]LogModuleManager: Shutting down and abandoning module SimplygonSwarm (169)
[2018.07.04-19.05.32:391][853]LogModuleManager: Shutting down and abandoning module SimplygonMeshReduction (167)
[2018.07.04-19.05.32:391][853]LogModuleManager: Shutting down and abandoning module QuadricMeshReduction (165)
[2018.07.04-19.05.32:391][853]LogModuleManager: Shutting down and abandoning module MaterialBaking (161)
[2018.07.04-19.05.32:391][853]LogModuleManager: Shutting down and abandoning module DirectoryWatcher (157)
[2018.07.04-19.05.32:392][853]LogModuleManager: Shutting down and abandoning module DerivedDataCache (154)
[2018.07.04-19.05.32:412][853]LogDerivedDataCache: Shutdown
[2018.07.04-19.05.32:412][853]LogModuleManager: Shutting down and abandoning module XGEController (152)
[2018.07.04-19.05.32:412][853]LogModuleManager: Shutting down and abandoning module TargetPlatform (150)
[2018.07.04-19.05.32:412][853]LogModuleManager: Shutting down and abandoning module VulkanShaderFormat (149)
[2018.07.04-19.05.32:412][853]LogModuleManager: Shutting down and abandoning module ShaderFormatVectorVM (147)
[2018.07.04-19.05.32:412][853]LogModuleManager: Shutting down and abandoning module ShaderFormatOpenGL (145)
[2018.07.04-19.05.32:412][853]LogModuleManager: Shutting down and abandoning module ShaderFormatD3D (143)
[2018.07.04-19.05.32:412][853]LogModuleManager: Shutting down and abandoning module MetalShaderFormat (141)
[2018.07.04-19.05.32:412][853]LogModuleManager: Shutting down and abandoning module TextureFormatUncompressed (139)
[2018.07.04-19.05.32:412][853]LogModuleManager: Shutting down and abandoning module TextureFormatPVR (137)
[2018.07.04-19.05.32:412][853]LogModuleManager: Shutting down and abandoning module TextureFormatDXT (135)
[2018.07.04-19.05.32:412][853]LogModuleManager: Shutting down and abandoning module TextureFormatIntelISPCTexComp (133)
[2018.07.04-19.05.32:412][853]LogModuleManager: Shutting down and abandoning module TextureFormatASTC (131)
[2018.07.04-19.05.32:413][853]LogModuleManager: Shutting down and abandoning module ImageWrapper (130)
[2018.07.04-19.05.32:413][853]LogModuleManager: Shutting down and abandoning module TextureFormatAndroid (127)
[2018.07.04-19.05.32:413][853]LogModuleManager: Shutting down and abandoning module AudioFormatOpus (125)
[2018.07.04-19.05.32:413][853]LogModuleManager: Shutting down and abandoning module AudioFormatOgg (123)
[2018.07.04-19.05.32:413][853]LogModuleManager: Shutting down and abandoning module AudioFormatADPCM (121)
[2018.07.04-19.05.32:413][853]LogModuleManager: Shutting down and abandoning module LinuxTargetPlatform (119)
[2018.07.04-19.05.32:413][853]LogModuleManager: Shutting down and abandoning module LinuxServerTargetPlatform (117)
[2018.07.04-19.05.32:413][853]LogModuleManager: Shutting down and abandoning module LinuxNoEditorTargetPlatform (115)
[2018.07.04-19.05.32:413][853]LogModuleManager: Shutting down and abandoning module LinuxClientTargetPlatform (113)
[2018.07.04-19.05.32:413][853]LogModuleManager: Shutting down and abandoning module TVOSTargetPlatform (111)
[2018.07.04-19.05.32:413][853]LogModuleManager: Shutting down and abandoning module Messaging (109)
[2018.07.04-19.05.32:413][853]LogModuleManager: Shutting down and abandoning module IOSTargetPlatform (107)
[2018.07.04-19.05.32:413][853]LogModuleManager: Shutting down and abandoning module HTML5TargetPlatform (105)
[2018.07.04-19.05.32:413][853]LogModuleManager: Shutting down and abandoning module AndroidTargetPlatform (103)
[2018.07.04-19.05.32:413][853]LogModuleManager: Shutting down and abandoning module Android_PVRTCTargetPlatform (101)
[2018.07.04-19.05.32:413][853]LogModuleManager: Shutting down and abandoning module Android_MultiTargetPlatform (99)
[2018.07.04-19.05.32:413][853]LogModuleManager: Shutting down and abandoning module Android_ETC2TargetPlatform (97)
[2018.07.04-19.05.32:413][853]LogModuleManager: Shutting down and abandoning module Android_ETC1TargetPlatform (95)
[2018.07.04-19.05.32:413][853]LogModuleManager: Shutting down and abandoning module Android_ETC1aTargetPlatform (93)
[2018.07.04-19.05.32:413][853]LogModuleManager: Shutting down and abandoning module Android_DXTTargetPlatform (91)
[2018.07.04-19.05.32:413][853]LogModuleManager: Shutting down and abandoning module Android_ATCTargetPlatform (89)
[2018.07.04-19.05.32:413][853]LogModuleManager: Shutting down and abandoning module Android_ASTCTargetPlatform (87)
[2018.07.04-19.05.32:413][853]LogModuleManager: Shutting down and abandoning module WindowsTargetPlatform (85)
[2018.07.04-19.05.32:413][853]LogModuleManager: Shutting down and abandoning module WindowsServerTargetPlatform (83)
[2018.07.04-19.05.32:413][853]LogModuleManager: Shutting down and abandoning module WindowsNoEditorTargetPlatform (81)
[2018.07.04-19.05.32:413][853]LogModuleManager: Shutting down and abandoning module WindowsClientTargetPlatform (79)
[2018.07.04-19.05.32:413][853]LogModuleManager: Shutting down and abandoning module MacTargetPlatform (77)
[2018.07.04-19.05.32:413][853]LogModuleManager: Shutting down and abandoning module MacServerTargetPlatform (75)
[2018.07.04-19.05.32:413][853]LogModuleManager: Shutting down and abandoning module MacNoEditorTargetPlatform (73)
[2018.07.04-19.05.32:413][853]LogModuleManager: Shutting down and abandoning module MacClientTargetPlatform (71)
[2018.07.04-19.05.32:413][853]LogModuleManager: Shutting down and abandoning module AllDesktopTargetPlatform (69)
[2018.07.04-19.05.32:413][853]LogModuleManager: Shutting down and abandoning module InputCore (66)
[2018.07.04-19.05.32:413][853]LogModuleManager: Shutting down and abandoning module Settings (64)
[2018.07.04-19.05.32:413][853]LogModuleManager: Shutting down and abandoning module PhysXCooking (62)
[2018.07.04-19.05.32:413][853]LogModuleManager: Shutting down and abandoning module SteamVR (60)
[2018.07.04-19.05.32:413][853]LogModuleManager: Shutting down and abandoning module OculusHMD (58)
[2018.07.04-19.05.32:413][853]LogModuleManager: Shutting down and abandoning module ExampleDeviceProfileSelector (56)
[2018.07.04-19.05.32:413][853]LogModuleManager: Shutting down and abandoning module AppleARKit (54)
[2018.07.04-19.05.32:414][853]LogModuleManager: Shutting down and abandoning module AugmentedReality (51)
[2018.07.04-19.05.32:414][853]LogModuleManager: Shutting down and abandoning module OnlineBlueprintSupport (48)
[2018.07.04-19.05.32:414][853]LogModuleManager: Shutting down and abandoning module OnlineSubsystem (44)
[2018.07.04-19.05.32:414][853]LogModuleManager: Shutting down and abandoning module XMPP (43)
[2018.07.04-19.05.32:414][853]LogModuleManager: Shutting down and abandoning module HTTP (41)
[2018.07.04-19.05.32:414][853]LogHttp: Display: Http module shutting down, but needs to wait on 1 outstanding Http requests:
[2018.07.04-19.05.32:414][853]LogHttp: Display: 	verb=[POST] url=[https://datarouter.ol.epicgames.com/datarouter/api/v1/public/data?SessionID=%7B4B8E1014-4189-2E87-6C83-3797BB96B149%7D&AppID=UEEditor.Rocket.Release&AppVersion=4.19.2-4033788%2B%2B%2BUE4%2BRelease-4.19&UserID=2b8560fe495d6d5110e231ad8bbbd15d%7Cfc5a72158b37459597b253ae0bd1a81c%7C1d3f1c36-a3f6-4dac-b938-2a082149bab2&AppEnvironment=datacollector-binary&UploadType=eteventstream] status=Processing
[2018.07.04-19.05.32:423][853]LogModuleManager: Shutting down and abandoning module SSL (40)
[2018.07.04-19.05.32:425][853]LogModuleManager: Shutting down and abandoning module AnimationModifiers (36)
[2018.07.04-19.05.32:425][853]LogModuleManager: Shutting down and abandoning module PropertyEditor (35)
[2018.07.04-19.05.32:425][853]LogModuleManager: Shutting down and abandoning module AudioEditor (32)
[2018.07.04-19.05.32:425][853]LogModuleManager: Shutting down and abandoning module TextureCompressor (30)
[2018.07.04-19.05.32:425][853]LogModuleManager: Shutting down and abandoning module ShaderCore (28)
[2018.07.04-19.05.32:425][853]LogModuleManager: Shutting down and abandoning module Landscape (26)
[2018.07.04-19.05.32:425][853]LogModuleManager: Shutting down and abandoning module SlateRHIRenderer (24)
[2018.07.04-19.05.32:426][853]LogModuleManager: Shutting down and abandoning module OpenGLDrv (22)
[2018.07.04-19.05.32:426][853]LogModuleManager: Shutting down and abandoning module D3D11RHI (20)
[2018.07.04-19.05.32:426][853]LogModuleManager: Shutting down and abandoning module AnimGraphRuntime (18)
[2018.07.04-19.05.32:426][853]LogModuleManager: Shutting down and abandoning module Renderer (16)
[2018.07.04-19.05.32:426][853]LogModuleManager: Shutting down and abandoning module Engine (14)
[2018.07.04-19.05.32:426][853]LogModuleManager: Shutting down and abandoning module CoreUObject (12)
[2018.07.04-19.05.32:426][853]LogModuleManager: Shutting down and abandoning module NetworkFile (10)
[2018.07.04-19.05.32:426][853]LogModuleManager: Shutting down and abandoning module CookedIterativeFile (8)
[2018.07.04-19.05.32:426][853]LogModuleManager: Shutting down and abandoning module StreamingFile (6)
[2018.07.04-19.05.32:426][853]LogModuleManager: Shutting down and abandoning module SandboxFile (4)
[2018.07.04-19.05.32:426][853]LogModuleManager: Shutting down and abandoning module PakFile (2)
[2018.07.04-19.05.32:438][853]LogExit: Exiting.
[2018.07.04-19.05.32:459][853]Log file closed, 07/04/18 15:05:32
